2026-01-05 22:23:27,664 INFO o.a.j.u.JMeterUtils: Setting Locale to en_EN
2026-01-05 22:23:27,715 INFO o.a.j.JMeter: Loading user properties from: C:\JMeter\apache-jmeter-5.6.3\apache-jmeter-5.6.3\bin\user.properties
2026-01-05 22:23:27,719 INFO o.a.j.JMeter: Loading system properties from: C:\JMeter\apache-jmeter-5.6.3\apache-jmeter-5.6.3\bin\system.properties
2026-01-05 22:23:27,734 INFO o.a.j.JMeter: Copyright (c) 1998-2024 The Apache Software Foundation
2026-01-05 22:23:27,734 INFO o.a.j.JMeter: Version 5.6.3
2026-01-05 22:23:27,734 INFO o.a.j.JMeter: java.version=25.0.1
2026-01-05 22:23:27,735 INFO o.a.j.JMeter: java.vm.name=Java HotSpot(TM) 64-Bit Server VM
2026-01-05 22:23:27,735 INFO o.a.j.JMeter: os.name=Windows 10
2026-01-05 22:23:27,735 INFO o.a.j.JMeter: os.arch=amd64
2026-01-05 22:23:27,735 INFO o.a.j.JMeter: os.version=10.0
2026-01-05 22:23:27,736 INFO o.a.j.JMeter: file.encoding=UTF-8
2026-01-05 22:23:27,736 INFO o.a.j.JMeter: java.awt.headless=true
2026-01-05 22:23:27,736 INFO o.a.j.JMeter: Max memory     =1073741824
2026-01-05 22:23:27,736 INFO o.a.j.JMeter: Available Processors =4
2026-01-05 22:23:27,784 INFO o.a.j.JMeter: Default Locale=English (EN)
2026-01-05 22:23:27,785 INFO o.a.j.JMeter: JMeter  Locale=English (EN)
2026-01-05 22:23:27,785 INFO o.a.j.JMeter: JMeterHome=C:\JMeter\apache-jmeter-5.6.3\apache-jmeter-5.6.3
2026-01-05 22:23:27,786 INFO o.a.j.JMeter: user.dir  =E:\perf-eng-platform
2026-01-05 22:23:27,786 INFO o.a.j.JMeter: PWD       =E:\perf-eng-platform
2026-01-05 22:23:27,924 INFO o.a.j.JMeter: IP: 192.168.1.5 Name: DESKTOP-A3684KN FullName: 192.168.1.5
2026-01-05 22:23:27,969 INFO o.a.j.s.FileServer: Default base='E:\perf-eng-platform'
2026-01-05 22:23:27,971 INFO o.a.j.s.FileServer: Set new base='E:\perf-eng-platform\jmeter'
2026-01-05 22:23:28,690 INFO o.a.j.s.SaveService: Testplan (JMX) version: 2.2. Testlog (JTL) version: 2.2
2026-01-05 22:23:28,729 INFO o.a.j.s.SaveService: Using SaveService properties version 5.0
2026-01-05 22:23:28,736 INFO o.a.j.s.SaveService: Using SaveService properties file encoding UTF-8
2026-01-05 22:23:28,743 INFO o.a.j.s.SaveService: Loading file: E:\perf-eng-platform\jmeter\hotel_load_test.jmx
2026-01-05 22:23:28,828 INFO o.a.j.p.h.s.HTTPSamplerBase: Parser for text/html is org.apache.jmeter.protocol.http.parser.LagartoBasedHtmlParser
2026-01-05 22:23:28,828 INFO o.a.j.p.h.s.HTTPSamplerBase: Parser for application/xhtml+xml is org.apache.jmeter.protocol.http.parser.LagartoBasedHtmlParser
2026-01-05 22:23:28,829 INFO o.a.j.p.h.s.HTTPSamplerBase: Parser for application/xml is org.apache.jmeter.protocol.http.parser.LagartoBasedHtmlParser
2026-01-05 22:23:28,829 INFO o.a.j.p.h.s.HTTPSamplerBase: Parser for text/xml is org.apache.jmeter.protocol.http.parser.LagartoBasedHtmlParser
2026-01-05 22:23:28,829 INFO o.a.j.p.h.s.HTTPSamplerBase: Parser for text/vnd.wap.wml is org.apache.jmeter.protocol.http.parser.RegexpHTMLParser
2026-01-05 22:23:28,829 INFO o.a.j.p.h.s.HTTPSamplerBase: Parser for text/css is org.apache.jmeter.protocol.http.parser.CssParser
2026-01-05 22:23:28,837 INFO o.a.j.s.SampleResult: Note: Sample TimeStamps are START times
2026-01-05 22:23:28,837 INFO o.a.j.s.SampleResult: sampleresult.default.encoding is set to UTF-8
2026-01-05 22:23:28,837 INFO o.a.j.s.SampleResult: sampleresult.useNanoTime=true
2026-01-05 22:23:28,837 INFO o.a.j.s.SampleResult: sampleresult.nanoThreadSleep=5000
2026-01-05 22:23:28,858 INFO o.a.j.JMeter: Creating summariser <summary>
2026-01-05 22:23:28,894 INFO o.a.j.e.StandardJMeterEngine: Running the test!
2026-01-05 22:23:28,895 INFO o.a.j.s.SampleEvent: List of sample_variables: []
2026-01-05 22:23:28,897 INFO o.a.j.s.SampleEvent: List of sample_variables: []
2026-01-05 22:23:28,910 INFO o.a.j.e.u.CompoundVariable: Note: Function class names must contain the string: '.functions.'
2026-01-05 22:23:28,911 INFO o.a.j.e.u.CompoundVariable: Note: Function class names must not contain the string: '.gui.'
2026-01-05 22:23:29,057 INFO o.a.j.v.b.BackendListener: Backend Listener: Starting worker with class: class org.apache.jmeter.visualizers.backend.influxdb.InfluxdbBackendListenerClient and queue capacity: 5000
2026-01-05 22:23:29,060 INFO o.a.j.v.b.BackendListener: Backend Listener: Started  worker with class: class org.apache.jmeter.visualizers.backend.influxdb.InfluxdbBackendListenerClient
2026-01-05 22:23:29,393 INFO o.a.j.JMeter: Running test (1767632009393)
2026-01-05 22:23:29,430 INFO o.a.j.e.StandardJMeterEngine: Starting ThreadGroup: 1 : Thread Group
2026-01-05 22:23:29,430 INFO o.a.j.e.StandardJMeterEngine: Starting 10 threads for group Thread Group.
2026-01-05 22:23:29,431 INFO o.a.j.e.StandardJMeterEngine: Thread will continue on error
2026-01-05 22:23:29,431 INFO o.a.j.t.ThreadGroup: Starting thread group... number=1 threads=10 ramp-up=10 delayedStart=false
2026-01-05 22:23:29,445 INFO o.a.j.t.JMeterThread: Thread started: Thread Group 1-1
2026-01-05 22:23:29,446 INFO o.a.j.t.ThreadGroup: Started thread group number 1
2026-01-05 22:23:29,446 INFO o.a.j.e.StandardJMeterEngine: All thread groups have been started
2026-01-05 22:23:29,469 INFO o.a.j.p.h.s.HTTPHCAbstractImpl: Local host = DESKTOP-A3684KN
2026-01-05 22:23:29,477 INFO o.a.j.p.h.s.HTTPHC4Impl: HTTP request retry count = 0
2026-01-05 22:23:29,946 INFO o.a.j.u.JsseSSLManager: Using default SSL protocol: TLS
2026-01-05 22:23:29,946 INFO o.a.j.u.JsseSSLManager: SSL session context: per-thread
2026-01-05 22:23:30,169 INFO o.a.j.r.Summariser: summary +      2 in 00:00:01 =    2.6/s Avg:   305 Min:   215 Max:   395 Err:     0 (0.00%) Active: 1 Started: 1 Finished: 0
2026-01-05 22:23:30,441 INFO o.a.j.t.JMeterThread: Thread started: Thread Group 1-2
2026-01-05 22:23:30,894 INFO o.a.j.t.JMeterThread: Thread is done: Thread Group 1-1
2026-01-05 22:23:30,895 INFO o.a.j.t.JMeterThread: Thread finished: Thread Group 1-1
2026-01-05 22:23:31,212 INFO o.a.j.t.JMeterThread: Thread is done: Thread Group 1-2
2026-01-05 22:23:31,213 INFO o.a.j.t.JMeterThread: Thread finished: Thread Group 1-2
2026-01-05 22:23:31,440 INFO o.a.j.t.JMeterThread: Thread started: Thread Group 1-3
2026-01-05 22:23:32,440 INFO o.a.j.t.JMeterThread: Thread started: Thread Group 1-4
2026-01-05 22:23:32,981 INFO o.a.j.t.JMeterThread: Thread is done: Thread Group 1-3
2026-01-05 22:23:32,982 INFO o.a.j.t.JMeterThread: Thread finished: Thread Group 1-3
2026-01-05 22:23:33,436 INFO o.a.j.t.JMeterThread: Thread started: Thread Group 1-5
2026-01-05 22:23:33,600 INFO o.a.j.t.JMeterThread: Thread is done: Thread Group 1-4
2026-01-05 22:23:33,601 INFO o.a.j.t.JMeterThread: Thread finished: Thread Group 1-4
2026-01-05 22:23:34,437 INFO o.a.j.t.JMeterThread: Thread started: Thread Group 1-6
2026-01-05 22:23:34,970 INFO o.a.j.t.JMeterThread: Thread is done: Thread Group 1-5
2026-01-05 22:23:34,970 INFO o.a.j.t.JMeterThread: Thread finished: Thread Group 1-5
2026-01-05 22:23:35,436 INFO o.a.j.t.JMeterThread: Thread started: Thread Group 1-7
2026-01-05 22:23:36,152 INFO o.a.j.t.JMeterThread: Thread is done: Thread Group 1-6
2026-01-05 22:23:36,152 INFO o.a.j.t.JMeterThread: Thread finished: Thread Group 1-6
2026-01-05 22:23:36,168 INFO o.a.j.t.JMeterThread: Thread is done: Thread Group 1-7
2026-01-05 22:23:36,169 INFO o.a.j.t.JMeterThread: Thread finished: Thread Group 1-7
2026-01-05 22:23:36,436 INFO o.a.j.t.JMeterThread: Thread started: Thread Group 1-8
2026-01-05 22:23:37,435 INFO o.a.j.t.JMeterThread: Thread started: Thread Group 1-9
2026-01-05 22:23:37,903 INFO o.a.j.t.JMeterThread: Thread is done: Thread Group 1-8
2026-01-05 22:23:37,903 INFO o.a.j.t.JMeterThread: Thread finished: Thread Group 1-8
2026-01-05 22:23:38,434 INFO o.a.j.t.JMeterThread: Thread started: Thread Group 1-10
2026-01-05 22:23:39,005 INFO o.a.j.t.JMeterThread: Thread is done: Thread Group 1-9
2026-01-05 22:23:39,005 INFO o.a.j.t.JMeterThread: Thread finished: Thread Group 1-9
2026-01-05 22:23:39,607 INFO o.a.j.t.JMeterThread: Thread is done: Thread Group 1-10
2026-01-05 22:23:39,608 INFO o.a.j.t.JMeterThread: Thread finished: Thread Group 1-10
2026-01-05 22:23:39,609 INFO o.a.j.e.StandardJMeterEngine: Notifying test listeners of end of test
2026-01-05 22:23:39,610 INFO o.a.j.v.b.BackendListener: Worker ended
2026-01-05 22:23:39,613 INFO o.a.j.v.b.i.InfluxdbBackendListenerClient: Sending last metrics to InfluxDB
2026-01-05 22:23:39,616 INFO o.a.j.v.b.i.HttpMetricsSender: Destroying 
2026-01-05 22:23:39,645 INFO o.a.j.r.Summariser: summary +     48 in 00:00:09 =    5.1/s Avg:   254 Min:    27 Max:   509 Err:     0 (0.00%) Active: 0 Started: 10 Finished: 10
2026-01-05 22:23:39,646 INFO o.a.j.r.Summariser: summary =     50 in 00:00:10 =    4.9/s Avg:   256 Min:    27 Max:   509 Err:     0 (0.00%)
