2026-01-05 20:50:14,982 INFO o.a.j.u.JMeterUtils: Setting Locale to en_EN
2026-01-05 20:50:15,019 INFO o.a.j.JMeter: Loading user properties from: C:\JMeter\apache-jmeter-5.6.3\apache-jmeter-5.6.3\bin\user.properties
2026-01-05 20:50:15,020 INFO o.a.j.JMeter: Loading system properties from: C:\JMeter\apache-jmeter-5.6.3\apache-jmeter-5.6.3\bin\system.properties
2026-01-05 20:50:15,039 INFO o.a.j.JMeter: Copyright (c) 1998-2024 The Apache Software Foundation
2026-01-05 20:50:15,040 INFO o.a.j.JMeter: Version 5.6.3
2026-01-05 20:50:15,040 INFO o.a.j.JMeter: java.version=25.0.1
2026-01-05 20:50:15,040 INFO o.a.j.JMeter: java.vm.name=Java HotSpot(TM) 64-Bit Server VM
2026-01-05 20:50:15,041 INFO o.a.j.JMeter: os.name=Windows 10
2026-01-05 20:50:15,041 INFO o.a.j.JMeter: os.arch=amd64
2026-01-05 20:50:15,041 INFO o.a.j.JMeter: os.version=10.0
2026-01-05 20:50:15,041 INFO o.a.j.JMeter: file.encoding=UTF-8
2026-01-05 20:50:15,042 INFO o.a.j.JMeter: java.awt.headless=true
2026-01-05 20:50:15,042 INFO o.a.j.JMeter: Max memory     =1073741824
2026-01-05 20:50:15,042 INFO o.a.j.JMeter: Available Processors =4
2026-01-05 20:50:15,074 INFO o.a.j.JMeter: Default Locale=English (EN)
2026-01-05 20:50:15,075 INFO o.a.j.JMeter: JMeter  Locale=English (EN)
2026-01-05 20:50:15,075 INFO o.a.j.JMeter: JMeterHome=C:\JMeter\apache-jmeter-5.6.3\apache-jmeter-5.6.3
2026-01-05 20:50:15,076 INFO o.a.j.JMeter: user.dir  =E:\perf-eng-platform\jmeter
2026-01-05 20:50:15,076 INFO o.a.j.JMeter: PWD       =E:\perf-eng-platform\jmeter
2026-01-05 20:50:15,200 INFO o.a.j.JMeter: IP: 192.168.1.5 Name: DESKTOP-A3684KN FullName: 192.168.1.5
2026-01-05 20:50:15,218 ERROR o.a.j.JMeter: An error occurred: 
org.apache.jmeter.report.config.ConfigurationException: The file E:\perf-eng-platform\jmeter\jmeter\hotel_load_test.jmx doesn't exist or can't be opened
	at org.apache.jmeter.JMeter.runNonGui(JMeter.java:950) ~[ApacheJMeter_core.jar:5.6.3]
	at org.apache.jmeter.JMeter.startNonGui(JMeter.java:940) ~[ApacheJMeter_core.jar:5.6.3]
	at org.apache.jmeter.JMeter.start(JMeter.java:508) [ApacheJMeter_core.jar:5.6.3]
	at java.base/jdk.internal.reflect.DirectMethodHandleAccessor.invoke(DirectMethodHandleAccessor.java:104) ~[?:?]
	at java.base/java.lang.reflect.Method.invoke(Method.java:565) ~[?:?]
	at org.apache.jmeter.NewDriver.main(NewDriver.java:259) [ApacheJMeter.jar:5.6.3]
